ARM GAS  /tmp/ccn6XxL7.s 			page 1


   1              		.cpu cortex-m4
   2              		.eabi_attribute 27, 1
   3              		.eabi_attribute 28, 1
   4              		.eabi_attribute 20, 1
   5              		.eabi_attribute 21, 1
   6              		.eabi_attribute 23, 3
   7              		.eabi_attribute 24, 1
   8              		.eabi_attribute 25, 1
   9              		.eabi_attribute 26, 1
  10              		.eabi_attribute 30, 1
  11              		.eabi_attribute 34, 1
  12              		.eabi_attribute 18, 4
  13              		.file	"bsp_key.c"
  14              		.text
  15              	.Ltext0:
  16              		.cfi_sections	.debug_frame
  17              		.section	.text.KEY_GPIO_Init,"ax",%progbits
  18              		.align	1
  19              		.global	KEY_GPIO_Init
  20              		.arch armv7e-m
  21              		.syntax unified
  22              		.thumb
  23              		.thumb_func
  24              		.fpu fpv4-sp-d16
  26              	KEY_GPIO_Init:
  27              	.LFB130:
  28              		.file 1 "Src/bsp_key.c"
   1:Src/bsp_key.c **** #include "bsp_key.h"
   2:Src/bsp_key.c **** 
   3:Src/bsp_key.c **** void KEY_GPIO_Init(){
  29              		.loc 1 3 21 view -0
  30              		.cfi_startproc
  31              		@ args = 0, pretend = 0, frame = 24
  32              		@ frame_needed = 0, uses_anonymous_args = 0
  33 0000 00B5     		push	{lr}
  34              	.LCFI0:
  35              		.cfi_def_cfa_offset 4
  36              		.cfi_offset 14, -4
  37 0002 87B0     		sub	sp, sp, #28
  38              	.LCFI1:
  39              		.cfi_def_cfa_offset 32
   4:Src/bsp_key.c ****     //PE3 PE4引脚
   5:Src/bsp_key.c ****     //初始化时钟
   6:Src/bsp_key.c ****     __HAL_RCC_GPIOE_CLK_ENABLE();
  40              		.loc 1 6 5 view .LVU1
  41              	.LBB2:
  42              		.loc 1 6 5 view .LVU2
  43 0004 0023     		movs	r3, #0
  44 0006 0093     		str	r3, [sp]
  45              		.loc 1 6 5 view .LVU3
  46 0008 0B4A     		ldr	r2, .L3
  47 000a 116B     		ldr	r1, [r2, #48]
  48 000c 41F01001 		orr	r1, r1, #16
  49 0010 1163     		str	r1, [r2, #48]
  50              		.loc 1 6 5 view .LVU4
  51 0012 126B     		ldr	r2, [r2, #48]
  52 0014 02F01002 		and	r2, r2, #16
ARM GAS  /tmp/ccn6XxL7.s 			page 2


  53 0018 0092     		str	r2, [sp]
  54              		.loc 1 6 5 view .LVU5
  55 001a 009A     		ldr	r2, [sp]
  56              	.LBE2:
  57              		.loc 1 6 5 view .LVU6
   7:Src/bsp_key.c ****     //配置引脚属性
   8:Src/bsp_key.c ****     GPIO_InitTypeDef GPIO_Init;
  58              		.loc 1 8 5 view .LVU7
   9:Src/bsp_key.c ****     GPIO_Init.Mode = GPIO_MODE_INPUT;    // 输入模式
  59              		.loc 1 9 5 view .LVU8
  60              		.loc 1 9 20 is_stmt 0 view .LVU9
  61 001c 0293     		str	r3, [sp, #8]
  10:Src/bsp_key.c ****     GPIO_Init.Pin = GPIO_PIN_3 | GPIO_PIN_4; //引脚3.4
  62              		.loc 1 10 5 is_stmt 1 view .LVU10
  63              		.loc 1 10 19 is_stmt 0 view .LVU11
  64 001e 1822     		movs	r2, #24
  65 0020 0192     		str	r2, [sp, #4]
  11:Src/bsp_key.c ****     GPIO_Init.Speed = GPIO_SPEED_FREQ_LOW; //IO反转速度
  66              		.loc 1 11 5 is_stmt 1 view .LVU12
  67              		.loc 1 11 21 is_stmt 0 view .LVU13
  68 0022 0493     		str	r3, [sp, #16]
  12:Src/bsp_key.c ****     GPIO_Init.Pull = GPIO_PULLUP; //上拉
  69              		.loc 1 12 5 is_stmt 1 view .LVU14
  70              		.loc 1 12 20 is_stmt 0 view .LVU15
  71 0024 0123     		movs	r3, #1
  72 0026 0393     		str	r3, [sp, #12]
  13:Src/bsp_key.c ****     HAL_GPIO_Init(GPIOE, &GPIO_Init);
  73              		.loc 1 13 5 is_stmt 1 view .LVU16
  74 0028 01A9     		add	r1, sp, #4
  75 002a 0448     		ldr	r0, .L3+4
  76 002c FFF7FEFF 		bl	HAL_GPIO_Init
  77              	.LVL0:
  14:Src/bsp_key.c **** }
  78              		.loc 1 14 1 is_stmt 0 view .LVU17
  79 0030 07B0     		add	sp, sp, #28
  80              	.LCFI2:
  81              		.cfi_def_cfa_offset 4
  82              		@ sp needed
  83 0032 5DF804FB 		ldr	pc, [sp], #4
  84              	.L4:
  85 0036 00BF     		.align	2
  86              	.L3:
  87 0038 00380240 		.word	1073887232
  88 003c 00100240 		.word	1073876992
  89              		.cfi_endproc
  90              	.LFE130:
  92              		.section	.text.KEY_SCAN,"ax",%progbits
  93              		.align	1
  94              		.global	KEY_SCAN
  95              		.syntax unified
  96              		.thumb
  97              		.thumb_func
  98              		.fpu fpv4-sp-d16
 100              	KEY_SCAN:
 101              	.LVL1:
 102              	.LFB131:
  15:Src/bsp_key.c **** 
ARM GAS  /tmp/ccn6XxL7.s 			page 3


  16:Src/bsp_key.c **** uint8_t KEY_SCAN(GPIO_TypeDef* GPIOx, uint16_t GPIO_Pin){
 103              		.loc 1 16 57 is_stmt 1 view -0
 104              		.cfi_startproc
 105              		@ args = 0, pretend = 0, frame = 0
 106              		@ frame_needed = 0, uses_anonymous_args = 0
 107              		.loc 1 16 57 is_stmt 0 view .LVU19
 108 0000 38B5     		push	{r3, r4, r5, lr}
 109              	.LCFI3:
 110              		.cfi_def_cfa_offset 16
 111              		.cfi_offset 3, -16
 112              		.cfi_offset 4, -12
 113              		.cfi_offset 5, -8
 114              		.cfi_offset 14, -4
 115 0002 0546     		mov	r5, r0
 116 0004 0C46     		mov	r4, r1
  17:Src/bsp_key.c ****     if (HAL_GPIO_ReadPin(GPIOx, GPIO_Pin) == GPIO_PIN_RESET)
 117              		.loc 1 17 5 is_stmt 1 view .LVU20
 118              		.loc 1 17 9 is_stmt 0 view .LVU21
 119 0006 FFF7FEFF 		bl	HAL_GPIO_ReadPin
 120              	.LVL2:
 121              		.loc 1 17 8 view .LVU22
 122 000a 08B1     		cbz	r0, .L7
  18:Src/bsp_key.c ****     {
  19:Src/bsp_key.c ****         while (HAL_GPIO_ReadPin(GPIOx, GPIO_Pin) == GPIO_PIN_RESET);
  20:Src/bsp_key.c ****         return KEY_PRESSED;
  21:Src/bsp_key.c ****     }
  22:Src/bsp_key.c ****     
  23:Src/bsp_key.c ****     return KEY_UP;
 123              		.loc 1 23 12 view .LVU23
 124 000c 0020     		movs	r0, #0
 125              	.L6:
  24:Src/bsp_key.c **** }...
 126              		.loc 1 24 1 view .LVU24
 127 000e 38BD     		pop	{r3, r4, r5, pc}
 128              	.LVL3:
 129              	.L7:
  19:Src/bsp_key.c ****         while (HAL_GPIO_ReadPin(GPIOx, GPIO_Pin) == GPIO_PIN_RESET);
 130              		.loc 1 19 68 is_stmt 1 discriminator 1 view .LVU25
  19:Src/bsp_key.c ****         while (HAL_GPIO_ReadPin(GPIOx, GPIO_Pin) == GPIO_PIN_RESET);
 131              		.loc 1 19 15 discriminator 1 view .LVU26
  19:Src/bsp_key.c ****         while (HAL_GPIO_ReadPin(GPIOx, GPIO_Pin) == GPIO_PIN_RESET);
 132              		.loc 1 19 16 is_stmt 0 discriminator 1 view .LVU27
 133 0010 2146     		mov	r1, r4
 134 0012 2846     		mov	r0, r5
 135 0014 FFF7FEFF 		bl	HAL_GPIO_ReadPin
 136              	.LVL4:
  19:Src/bsp_key.c ****         while (HAL_GPIO_ReadPin(GPIOx, GPIO_Pin) == GPIO_PIN_RESET);
 137              		.loc 1 19 15 discriminator 1 view .LVU28
 138 0018 0028     		cmp	r0, #0
 139 001a F9D0     		beq	.L7
  20:Src/bsp_key.c ****         return KEY_PRESSED;
 140              		.loc 1 20 16 view .LVU29
 141 001c 0120     		movs	r0, #1
 142 001e F6E7     		b	.L6
 143              		.cfi_endproc
 144              	.LFE131:
 146              		.text
ARM GAS  /tmp/ccn6XxL7.s 			page 4


 147              	.Letext0:
 148              		.file 2 "/usr/share/gcc-arm-none-eabi-10-2020-q4-major/arm-none-eabi/include/machine/_default_type
 149              		.file 3 "/usr/share/gcc-arm-none-eabi-10-2020-q4-major/arm-none-eabi/include/sys/_stdint.h"
 150              		.file 4 "Drivers/CMSIS/Device/ST/STM32F4xx/Include/stm32f407xx.h"
 151              		.file 5 "Drivers/STM32F4xx_HAL_Driver/Inc/stm32f4xx_hal_gpio.h"
ARM GAS  /tmp/ccn6XxL7.s 			page 5


DEFINED SYMBOLS
                            *ABS*:0000000000000000 bsp_key.c
     /tmp/ccn6XxL7.s:18     .text.KEY_GPIO_Init:0000000000000000 $t
     /tmp/ccn6XxL7.s:26     .text.KEY_GPIO_Init:0000000000000000 KEY_GPIO_Init
     /tmp/ccn6XxL7.s:87     .text.KEY_GPIO_Init:0000000000000038 $d
     /tmp/ccn6XxL7.s:93     .text.KEY_SCAN:0000000000000000 $t
     /tmp/ccn6XxL7.s:100    .text.KEY_SCAN:0000000000000000 KEY_SCAN

UNDEFINED SYMBOLS
HAL_GPIO_Init
HAL_GPIO_ReadPin
