ARM GAS  /tmp/cce46uo2.s 			page 1


   1              		.cpu cortex-m4
   2              		.eabi_attribute 27, 1
   3              		.eabi_attribute 28, 1
   4              		.eabi_attribute 20, 1
   5              		.eabi_attribute 21, 1
   6              		.eabi_attribute 23, 3
   7              		.eabi_attribute 24, 1
   8              		.eabi_attribute 25, 1
   9              		.eabi_attribute 26, 1
  10              		.eabi_attribute 30, 1
  11              		.eabi_attribute 34, 1
  12              		.eabi_attribute 18, 4
  13              		.file	"bsp_led.c"
  14              		.text
  15              	.Ltext0:
  16              		.cfi_sections	.debug_frame
  17              		.section	.text.LED_GPIO_Init,"ax",%progbits
  18              		.align	1
  19              		.global	LED_GPIO_Init
  20              		.arch armv7e-m
  21              		.syntax unified
  22              		.thumb
  23              		.thumb_func
  24              		.fpu fpv4-sp-d16
  26              	LED_GPIO_Init:
  27              	.LFB130:
  28              		.file 1 "Src/bsp_led.c"
   1:Src/bsp_led.c **** #include "bsp_led.h"
   2:Src/bsp_led.c **** 
   3:Src/bsp_led.c **** void LED_GPIO_Init()
   4:Src/bsp_led.c **** {
  29              		.loc 1 4 1 view -0
  30              		.cfi_startproc
  31              		@ args = 0, pretend = 0, frame = 24
  32              		@ frame_needed = 0, uses_anonymous_args = 0
  33 0000 00B5     		push	{lr}
  34              	.LCFI0:
  35              		.cfi_def_cfa_offset 4
  36              		.cfi_offset 14, -4
  37 0002 87B0     		sub	sp, sp, #28
  38              	.LCFI1:
  39              		.cfi_def_cfa_offset 32
   5:Src/bsp_led.c ****     //初始化时钟
   6:Src/bsp_led.c ****     __HAL_RCC_GPIOA_CLK_ENABLE();
  40              		.loc 1 6 5 view .LVU1
  41              	.LBB2:
  42              		.loc 1 6 5 view .LVU2
  43 0004 0023     		movs	r3, #0
  44 0006 0093     		str	r3, [sp]
  45              		.loc 1 6 5 view .LVU3
  46 0008 0B4A     		ldr	r2, .L3
  47 000a 116B     		ldr	r1, [r2, #48]
  48 000c 41F00101 		orr	r1, r1, #1
  49 0010 1163     		str	r1, [r2, #48]
  50              		.loc 1 6 5 view .LVU4
  51 0012 126B     		ldr	r2, [r2, #48]
  52 0014 02F00102 		and	r2, r2, #1
ARM GAS  /tmp/cce46uo2.s 			page 2


  53 0018 0092     		str	r2, [sp]
  54              		.loc 1 6 5 view .LVU5
  55 001a 009A     		ldr	r2, [sp]
  56              	.LBE2:
  57              		.loc 1 6 5 view .LVU6
   7:Src/bsp_led.c ****     //配置引脚属性
   8:Src/bsp_led.c ****     GPIO_InitTypeDef GPIO_Init;
  58              		.loc 1 8 5 view .LVU7
   9:Src/bsp_led.c ****     GPIO_Init.Mode = GPIO_MODE_OUTPUT_PP;    // 推挽输出
  59              		.loc 1 9 5 view .LVU8
  60              		.loc 1 9 20 is_stmt 0 view .LVU9
  61 001c 0122     		movs	r2, #1
  62 001e 0292     		str	r2, [sp, #8]
  10:Src/bsp_led.c ****     GPIO_Init.Pin = GPIO_PIN_6 | GPIO_PIN_7; //引脚6.7
  63              		.loc 1 10 5 is_stmt 1 view .LVU10
  64              		.loc 1 10 19 is_stmt 0 view .LVU11
  65 0020 C022     		movs	r2, #192
  66 0022 0192     		str	r2, [sp, #4]
  11:Src/bsp_led.c ****     GPIO_Init.Speed = GPIO_SPEED_FREQ_LOW; //IO反转速度
  67              		.loc 1 11 5 is_stmt 1 view .LVU12
  68              		.loc 1 11 21 is_stmt 0 view .LVU13
  69 0024 0493     		str	r3, [sp, #16]
  12:Src/bsp_led.c ****     GPIO_Init.Pull = GPIO_NOPULL; //无上拉下拉
  70              		.loc 1 12 5 is_stmt 1 view .LVU14
  71              		.loc 1 12 20 is_stmt 0 view .LVU15
  72 0026 0393     		str	r3, [sp, #12]
  13:Src/bsp_led.c ****     HAL_GPIO_Init(GPIOA, &GPIO_Init);
  73              		.loc 1 13 5 is_stmt 1 view .LVU16
  74 0028 01A9     		add	r1, sp, #4
  75 002a 0448     		ldr	r0, .L3+4
  76 002c FFF7FEFF 		bl	HAL_GPIO_Init
  77              	.LVL0:
  14:Src/bsp_led.c **** }...
  78              		.loc 1 14 1 is_stmt 0 view .LVU17
  79 0030 07B0     		add	sp, sp, #28
  80              	.LCFI2:
  81              		.cfi_def_cfa_offset 4
  82              		@ sp needed
  83 0032 5DF804FB 		ldr	pc, [sp], #4
  84              	.L4:
  85 0036 00BF     		.align	2
  86              	.L3:
  87 0038 00380240 		.word	1073887232
  88 003c 00000240 		.word	1073872896
  89              		.cfi_endproc
  90              	.LFE130:
  92              		.text
  93              	.Letext0:
  94              		.file 2 "/usr/share/gcc-arm-none-eabi-10-2020-q4-major/arm-none-eabi/include/machine/_default_type
  95              		.file 3 "/usr/share/gcc-arm-none-eabi-10-2020-q4-major/arm-none-eabi/include/sys/_stdint.h"
  96              		.file 4 "Drivers/CMSIS/Device/ST/STM32F4xx/Include/stm32f407xx.h"
  97              		.file 5 "Drivers/STM32F4xx_HAL_Driver/Inc/stm32f4xx_hal_gpio.h"
ARM GAS  /tmp/cce46uo2.s 			page 3


DEFINED SYMBOLS
                            *ABS*:0000000000000000 bsp_led.c
     /tmp/cce46uo2.s:18     .text.LED_GPIO_Init:0000000000000000 $t
     /tmp/cce46uo2.s:26     .text.LED_GPIO_Init:0000000000000000 LED_GPIO_Init
     /tmp/cce46uo2.s:87     .text.LED_GPIO_Init:0000000000000038 $d

UNDEFINED SYMBOLS
HAL_GPIO_Init
