ARM GAS  /tmp/ccGUEYey.s 			page 1


   1              		.cpu cortex-m4
   2              		.eabi_attribute 27, 1
   3              		.eabi_attribute 28, 1
   4              		.eabi_attribute 20, 1
   5              		.eabi_attribute 21, 1
   6              		.eabi_attribute 23, 3
   7              		.eabi_attribute 24, 1
   8              		.eabi_attribute 25, 1
   9              		.eabi_attribute 26, 1
  10              		.eabi_attribute 30, 1
  11              		.eabi_attribute 34, 1
  12              		.eabi_attribute 18, 4
  13              		.file	"gpio.c"
  14              		.text
  15              	.Ltext0:
  16              		.cfi_sections	.debug_frame
  17              		.section	.text.MX_GPIO_Init,"ax",%progbits
  18              		.align	1
  19              		.global	MX_GPIO_Init
  20              		.arch armv7e-m
  21              		.syntax unified
  22              		.thumb
  23              		.thumb_func
  24              		.fpu fpv4-sp-d16
  26              	MX_GPIO_Init:
  27              	.LFB130:
  28              		.file 1 "Src/gpio.c"
   1:Src/gpio.c    **** /**
   2:Src/gpio.c    ****   ******************************************************************************
   3:Src/gpio.c    ****   * @file    gpio.c
   4:Src/gpio.c    ****   * @brief   This file provides code for the configuration
   5:Src/gpio.c    ****   *          of all used GPIO pins.
   6:Src/gpio.c    ****   ******************************************************************************
   7:Src/gpio.c    ****   * @attention
   8:Src/gpio.c    ****   *
   9:Src/gpio.c    ****   * <h2><center>&copy; Copyright (c) 2021 STMicroelectronics.
  10:Src/gpio.c    ****   * All rights reserved.</center></h2>
  11:Src/gpio.c    ****   *
  12:Src/gpio.c    ****   * This software component is licensed by ST under BSD 3-Clause license,
  13:Src/gpio.c    ****   * the "License"; You may not use this file except in compliance with the
  14:Src/gpio.c    ****   * License. You may obtain a copy of the License at:
  15:Src/gpio.c    ****   *                        opensource.org/licenses/BSD-3-Clause
  16:Src/gpio.c    ****   *
  17:Src/gpio.c    ****   ******************************************************************************
  18:Src/gpio.c    ****   */
  19:Src/gpio.c    **** 
  20:Src/gpio.c    **** /* Includes ------------------------------------------------------------------*/
  21:Src/gpio.c    **** #include "gpio.h"
  22:Src/gpio.c    **** 
  23:Src/gpio.c    **** /* USER CODE BEGIN 0 */
  24:Src/gpio.c    **** 
  25:Src/gpio.c    **** /* USER CODE END 0 */
  26:Src/gpio.c    **** 
  27:Src/gpio.c    **** /*----------------------------------------------------------------------------*/
  28:Src/gpio.c    **** /* Configure GPIO                                                             */
  29:Src/gpio.c    **** /*----------------------------------------------------------------------------*/
  30:Src/gpio.c    **** /* USER CODE BEGIN 1 */
ARM GAS  /tmp/ccGUEYey.s 			page 2


  31:Src/gpio.c    **** 
  32:Src/gpio.c    **** /* USER CODE END 1 */
  33:Src/gpio.c    **** 
  34:Src/gpio.c    **** /** Configure pins as
  35:Src/gpio.c    ****         * Analog
  36:Src/gpio.c    ****         * Input
  37:Src/gpio.c    ****         * Output
  38:Src/gpio.c    ****         * EVENT_OUT
  39:Src/gpio.c    ****         * EXTI
  40:Src/gpio.c    **** */
  41:Src/gpio.c    **** void MX_GPIO_Init(void)
  42:Src/gpio.c    **** {
  29              		.loc 1 42 1 view -0
  30              		.cfi_startproc
  31              		@ args = 0, pretend = 0, frame = 16
  32              		@ frame_needed = 0, uses_anonymous_args = 0
  33              		@ link register save eliminated.
  34 0000 84B0     		sub	sp, sp, #16
  35              	.LCFI0:
  36              		.cfi_def_cfa_offset 16
  43:Src/gpio.c    **** 
  44:Src/gpio.c    ****   /* GPIO Ports Clock Enable */
  45:Src/gpio.c    ****   __HAL_RCC_GPIOC_CLK_ENABLE();
  37              		.loc 1 45 3 view .LVU1
  38              	.LBB2:
  39              		.loc 1 45 3 view .LVU2
  40 0002 0022     		movs	r2, #0
  41 0004 0092     		str	r2, [sp]
  42              		.loc 1 45 3 view .LVU3
  43 0006 154B     		ldr	r3, .L3
  44 0008 196B     		ldr	r1, [r3, #48]
  45 000a 41F00401 		orr	r1, r1, #4
  46 000e 1963     		str	r1, [r3, #48]
  47              		.loc 1 45 3 view .LVU4
  48 0010 196B     		ldr	r1, [r3, #48]
  49 0012 01F00401 		and	r1, r1, #4
  50 0016 0091     		str	r1, [sp]
  51              		.loc 1 45 3 view .LVU5
  52 0018 0099     		ldr	r1, [sp]
  53              	.LBE2:
  54              		.loc 1 45 3 view .LVU6
  46:Src/gpio.c    ****   __HAL_RCC_GPIOH_CLK_ENABLE();
  55              		.loc 1 46 3 view .LVU7
  56              	.LBB3:
  57              		.loc 1 46 3 view .LVU8
  58 001a 0192     		str	r2, [sp, #4]
  59              		.loc 1 46 3 view .LVU9
  60 001c 196B     		ldr	r1, [r3, #48]
  61 001e 41F08001 		orr	r1, r1, #128
  62 0022 1963     		str	r1, [r3, #48]
  63              		.loc 1 46 3 view .LVU10
  64 0024 196B     		ldr	r1, [r3, #48]
  65 0026 01F08001 		and	r1, r1, #128
  66 002a 0191     		str	r1, [sp, #4]
  67              		.loc 1 46 3 view .LVU11
  68 002c 0199     		ldr	r1, [sp, #4]
  69              	.LBE3:
ARM GAS  /tmp/ccGUEYey.s 			page 3


  70              		.loc 1 46 3 view .LVU12
  47:Src/gpio.c    ****   __HAL_RCC_GPIOA_CLK_ENABLE();
  71              		.loc 1 47 3 view .LVU13
  72              	.LBB4:
  73              		.loc 1 47 3 view .LVU14
  74 002e 0292     		str	r2, [sp, #8]
  75              		.loc 1 47 3 view .LVU15
  76 0030 196B     		ldr	r1, [r3, #48]
  77 0032 41F00101 		orr	r1, r1, #1
  78 0036 1963     		str	r1, [r3, #48]
  79              		.loc 1 47 3 view .LVU16
  80 0038 196B     		ldr	r1, [r3, #48]
  81 003a 01F00101 		and	r1, r1, #1
  82 003e 0291     		str	r1, [sp, #8]
  83              		.loc 1 47 3 view .LVU17
  84 0040 0299     		ldr	r1, [sp, #8]
  85              	.LBE4:
  86              		.loc 1 47 3 view .LVU18
  48:Src/gpio.c    ****   __HAL_RCC_GPIOB_CLK_ENABLE();
  87              		.loc 1 48 3 view .LVU19
  88              	.LBB5:
  89              		.loc 1 48 3 view .LVU20
  90 0042 0392     		str	r2, [sp, #12]
  91              		.loc 1 48 3 view .LVU21
  92 0044 1A6B     		ldr	r2, [r3, #48]
  93 0046 42F00202 		orr	r2, r2, #2
  94 004a 1A63     		str	r2, [r3, #48]
  95              		.loc 1 48 3 view .LVU22
  96 004c 1B6B     		ldr	r3, [r3, #48]
  97 004e 03F00203 		and	r3, r3, #2
  98 0052 0393     		str	r3, [sp, #12]
  99              		.loc 1 48 3 view .LVU23
 100 0054 039B     		ldr	r3, [sp, #12]
 101              	.LBE5:
 102              		.loc 1 48 3 view .LVU24
  49:Src/gpio.c    **** 
  50:Src/gpio.c    **** }
 103              		.loc 1 50 1 is_stmt 0 view .LVU25
 104 0056 04B0     		add	sp, sp, #16
 105              	.LCFI1:
 106              		.cfi_def_cfa_offset 0
 107              		@ sp needed
 108 0058 7047     		bx	lr
 109              	.L4:
 110 005a 00BF     		.align	2
 111              	.L3:
 112 005c 00380240 		.word	1073887232
 113              		.cfi_endproc
 114              	.LFE130:
 116              		.text
 117              	.Letext0:
 118              		.file 2 "/usr/share/gcc-arm-none-eabi-10-2020-q4-major/arm-none-eabi/include/machine/_default_type
 119              		.file 3 "/usr/share/gcc-arm-none-eabi-10-2020-q4-major/arm-none-eabi/include/sys/_stdint.h"
 120              		.file 4 "Drivers/CMSIS/Device/ST/STM32F4xx/Include/stm32f407xx.h"
ARM GAS  /tmp/ccGUEYey.s 			page 4


DEFINED SYMBOLS
                            *ABS*:0000000000000000 gpio.c
     /tmp/ccGUEYey.s:18     .text.MX_GPIO_Init:0000000000000000 $t
     /tmp/ccGUEYey.s:26     .text.MX_GPIO_Init:0000000000000000 MX_GPIO_Init
     /tmp/ccGUEYey.s:112    .text.MX_GPIO_Init:000000000000005c $d

NO UNDEFINED SYMBOLS
