ARM GAS  /tmp/ccPGiDuk.s 			page 1


   1              		.cpu cortex-m4
   2              		.eabi_attribute 27, 1
   3              		.eabi_attribute 28, 1
   4              		.eabi_attribute 20, 1
   5              		.eabi_attribute 21, 1
   6              		.eabi_attribute 23, 3
   7              		.eabi_attribute 24, 1
   8              		.eabi_attribute 25, 1
   9              		.eabi_attribute 26, 1
  10              		.eabi_attribute 30, 1
  11              		.eabi_attribute 34, 1
  12              		.eabi_attribute 18, 4
  13              		.file	"main.c"
  14              		.text
  15              	.Ltext0:
  16              		.cfi_sections	.debug_frame
  17              		.section	.text.Error_Handler,"ax",%progbits
  18              		.align	1
  19              		.global	Error_Handler
  20              		.arch armv7e-m
  21              		.syntax unified
  22              		.thumb
  23              		.thumb_func
  24              		.fpu fpv4-sp-d16
  26              	Error_Handler:
  27              	.LFB132:
  28              		.file 1 "Src/main.c"
   1:Src/main.c    **** /* USER CODE BEGIN Header */
   2:Src/main.c    **** /**
   3:Src/main.c    ****   ******************************************************************************
   4:Src/main.c    ****   * @file           : main.c
   5:Src/main.c    ****   * @brief          : Main program body
   6:Src/main.c    ****   ******************************************************************************
   7:Src/main.c    ****   * @attention
   8:Src/main.c    ****   *
   9:Src/main.c    ****   * <h2><center>&copy; Copyright (c) 2021 STMicroelectronics.
  10:Src/main.c    ****   * All rights reserved.</center></h2>
  11:Src/main.c    ****   *
  12:Src/main.c    ****   * This software component is licensed by ST under BSD 3-Clause license,
  13:Src/main.c    ****   * the "License"; You may not use this file except in compliance with the
  14:Src/main.c    ****   * License. You may obtain a copy of the License at:
  15:Src/main.c    ****   *                        opensource.org/licenses/BSD-3-Clause
  16:Src/main.c    ****   *
  17:Src/main.c    ****   ******************************************************************************
  18:Src/main.c    ****   */
  19:Src/main.c    **** /* USER CODE END Header */
  20:Src/main.c    **** /* Includes ------------------------------------------------------------------*/
  21:Src/main.c    **** #include "main.h"
  22:Src/main.c    **** #include "gpio.h"
  23:Src/main.c    **** 
  24:Src/main.c    **** /* Private includes ----------------------------------------------------------*/
  25:Src/main.c    **** /* USER CODE BEGIN Includes */
  26:Src/main.c    **** 
  27:Src/main.c    **** /* USER CODE END Includes */
  28:Src/main.c    **** 
  29:Src/main.c    **** /* Private typedef -----------------------------------------------------------*/
  30:Src/main.c    **** /* USER CODE BEGIN PTD */
ARM GAS  /tmp/ccPGiDuk.s 			page 2


  31:Src/main.c    **** 
  32:Src/main.c    **** /* USER CODE END PTD */
  33:Src/main.c    **** 
  34:Src/main.c    **** /* Private define ------------------------------------------------------------*/
  35:Src/main.c    **** /* USER CODE BEGIN PD */
  36:Src/main.c    **** /* USER CODE END PD */
  37:Src/main.c    **** 
  38:Src/main.c    **** /* Private macro -------------------------------------------------------------*/
  39:Src/main.c    **** /* USER CODE BEGIN PM */
  40:Src/main.c    **** 
  41:Src/main.c    **** /* USER CODE END PM */
  42:Src/main.c    **** 
  43:Src/main.c    **** /* Private variables ---------------------------------------------------------*/
  44:Src/main.c    **** 
  45:Src/main.c    **** /* USER CODE BEGIN PV */
  46:Src/main.c    **** 
  47:Src/main.c    **** /* USER CODE END PV */
  48:Src/main.c    **** 
  49:Src/main.c    **** /* Private function prototypes -----------------------------------------------*/
  50:Src/main.c    **** void SystemClock_Config(void);
  51:Src/main.c    **** /* USER CODE BEGIN PFP */
  52:Src/main.c    **** 
  53:Src/main.c    **** /* USER CODE END PFP */
  54:Src/main.c    **** 
  55:Src/main.c    **** /* Private user code ---------------------------------------------------------*/
  56:Src/main.c    **** /* USER CODE BEGIN 0 */
  57:Src/main.c    **** 
  58:Src/main.c    **** /* USER CODE END 0 */
  59:Src/main.c    **** 
  60:Src/main.c    **** /**
  61:Src/main.c    ****   * @brief  The application entry point.
  62:Src/main.c    ****   * @retval int
  63:Src/main.c    ****   */
  64:Src/main.c    **** int main(void)
  65:Src/main.c    **** {
  66:Src/main.c    ****   /* USER CODE BEGIN 1 */
  67:Src/main.c    **** 
  68:Src/main.c    ****   /* USER CODE END 1 */
  69:Src/main.c    **** 
  70:Src/main.c    ****   /* MCU Configuration--------------------------------------------------------*/
  71:Src/main.c    **** 
  72:Src/main.c    ****   /* Reset of all peripherals, Initializes the Flash interface and the Systick. */
  73:Src/main.c    ****   HAL_Init();
  74:Src/main.c    **** 
  75:Src/main.c    ****   /* USER CODE BEGIN Init */
  76:Src/main.c    **** 
  77:Src/main.c    ****   /* USER CODE END Init */
  78:Src/main.c    **** 
  79:Src/main.c    ****   /* Configure the system clock */
  80:Src/main.c    ****   SystemClock_Config();
  81:Src/main.c    **** 
  82:Src/main.c    ****   /* USER CODE BEGIN SysInit */
  83:Src/main.c    **** 
  84:Src/main.c    ****   /* USER CODE END SysInit */
  85:Src/main.c    **** 
  86:Src/main.c    ****   /* Initialize all configured peripherals */
  87:Src/main.c    ****   MX_GPIO_Init();
ARM GAS  /tmp/ccPGiDuk.s 			page 3


  88:Src/main.c    ****   /* USER CODE BEGIN 2 */
  89:Src/main.c    **** 
  90:Src/main.c    ****   /* USER CODE END 2 */
  91:Src/main.c    **** 
  92:Src/main.c    ****   /* Infinite loop */
  93:Src/main.c    ****   /* USER CODE BEGIN WHILE */
  94:Src/main.c    ****   while (1)
  95:Src/main.c    ****   {
  96:Src/main.c    ****     /* USER CODE END WHILE */
  97:Src/main.c    ****     HAL_GPIO_TogglePin(LED1_GPIO_Port, LED1_Pin);
  98:Src/main.c    ****     HAL_Delay(500);
  99:Src/main.c    ****     /* USER CODE BEGIN 3 */
 100:Src/main.c    ****   }
 101:Src/main.c    ****   /* USER CODE END 3 */
 102:Src/main.c    **** }
 103:Src/main.c    **** 
 104:Src/main.c    **** /**
 105:Src/main.c    ****   * @brief System Clock Configuration
 106:Src/main.c    ****   * @retval None
 107:Src/main.c    ****   */
 108:Src/main.c    **** void SystemClock_Config(void)
 109:Src/main.c    **** {
 110:Src/main.c    ****   RCC_OscInitTypeDef RCC_OscInitStruct = {0};
 111:Src/main.c    ****   RCC_ClkInitTypeDef RCC_ClkInitStruct = {0};
 112:Src/main.c    **** 
 113:Src/main.c    ****   /** Configure the main internal regulator output voltage
 114:Src/main.c    ****   */
 115:Src/main.c    ****   __HAL_RCC_PWR_CLK_ENABLE();
 116:Src/main.c    ****   __HAL_PWR_VOLTAGESCALING_CONFIG(PWR_REGULATOR_VOLTAGE_SCALE1);
 117:Src/main.c    ****   /** Initializes the RCC Oscillators according to the specified parameters
 118:Src/main.c    ****   * in the RCC_OscInitTypeDef structure.
 119:Src/main.c    ****   */
 120:Src/main.c    ****   RCC_OscInitStruct.OscillatorType = RCC_OSCILLATORTYPE_HSI;
 121:Src/main.c    ****   RCC_OscInitStruct.HSIState = RCC_HSI_ON;
 122:Src/main.c    ****   RCC_OscInitStruct.HSICalibrationValue = RCC_HSICALIBRATION_DEFAULT;
 123:Src/main.c    ****   RCC_OscInitStruct.PLL.PLLState = RCC_PLL_ON;
 124:Src/main.c    ****   RCC_OscInitStruct.PLL.PLLSource = RCC_PLLSOURCE_HSI;
 125:Src/main.c    ****   RCC_OscInitStruct.PLL.PLLM = 8;
 126:Src/main.c    ****   RCC_OscInitStruct.PLL.PLLN = 168;
 127:Src/main.c    ****   RCC_OscInitStruct.PLL.PLLP = RCC_PLLP_DIV2;
 128:Src/main.c    ****   RCC_OscInitStruct.PLL.PLLQ = 4;
 129:Src/main.c    ****   if (HAL_RCC_OscConfig(&RCC_OscInitStruct) != HAL_OK)
 130:Src/main.c    ****   {
 131:Src/main.c    ****     Error_Handler();
 132:Src/main.c    ****   }
 133:Src/main.c    ****   /** Initializes the CPU, AHB and APB buses clocks
 134:Src/main.c    ****   */
 135:Src/main.c    ****   RCC_ClkInitStruct.ClockType = RCC_CLOCKTYPE_HCLK|RCC_CLOCKTYPE_SYSCLK
 136:Src/main.c    ****                               |RCC_CLOCKTYPE_PCLK1|RCC_CLOCKTYPE_PCLK2;
 137:Src/main.c    ****   RCC_ClkInitStruct.SYSCLKSource = RCC_SYSCLKSOURCE_PLLCLK;
 138:Src/main.c    ****   RCC_ClkInitStruct.AHBCLKDivider = RCC_SYSCLK_DIV1;
 139:Src/main.c    ****   RCC_ClkInitStruct.APB1CLKDivider = RCC_HCLK_DIV4;
 140:Src/main.c    ****   RCC_ClkInitStruct.APB2CLKDivider = RCC_HCLK_DIV2;
 141:Src/main.c    **** 
 142:Src/main.c    ****   if (HAL_RCC_ClockConfig(&RCC_ClkInitStruct, FLASH_LATENCY_5) != HAL_OK)
 143:Src/main.c    ****   {
 144:Src/main.c    ****     Error_Handler();
ARM GAS  /tmp/ccPGiDuk.s 			page 4


 145:Src/main.c    ****   }
 146:Src/main.c    **** }
 147:Src/main.c    **** 
 148:Src/main.c    **** /* USER CODE BEGIN 4 */
 149:Src/main.c    **** 
 150:Src/main.c    **** /* USER CODE END 4 */
 151:Src/main.c    **** 
 152:Src/main.c    **** /**
 153:Src/main.c    ****   * @brief  This function is executed in case of error occurrence.
 154:Src/main.c    ****   * @retval None
 155:Src/main.c    ****   */
 156:Src/main.c    **** void Error_Handler(void)
 157:Src/main.c    **** {
  29              		.loc 1 157 1 view -0
  30              		.cfi_startproc
  31              		@ Volatile: function does not return.
  32              		@ args = 0, pretend = 0, frame = 0
  33              		@ frame_needed = 0, uses_anonymous_args = 0
  34              		@ link register save eliminated.
 158:Src/main.c    ****   /* USER CODE BEGIN Error_Handler_Debug */
 159:Src/main.c    ****   /* User can add his own implementation to report the HAL error return state */
 160:Src/main.c    ****   __disable_irq();
  35              		.loc 1 160 3 view .LVU1
  36              	.LBB4:
  37              	.LBI4:
  38              		.file 2 "Drivers/CMSIS/Include/cmsis_gcc.h"
   1:Drivers/CMSIS/Include/cmsis_gcc.h **** /**************************************************************************//**
   2:Drivers/CMSIS/Include/cmsis_gcc.h ****  * @file     cmsis_gcc.h
   3:Drivers/CMSIS/Include/cmsis_gcc.h ****  * @brief    CMSIS compiler GCC header file
   4:Drivers/CMSIS/Include/cmsis_gcc.h ****  * @version  V5.0.4
   5:Drivers/CMSIS/Include/cmsis_gcc.h ****  * @date     09. April 2018
   6:Drivers/CMSIS/Include/cmsis_gcc.h ****  ******************************************************************************/
   7:Drivers/CMSIS/Include/cmsis_gcc.h **** /*
   8:Drivers/CMSIS/Include/cmsis_gcc.h ****  * Copyright (c) 2009-2018 Arm Limited. All rights reserved.
   9:Drivers/CMSIS/Include/cmsis_gcc.h ****  *
  10:Drivers/CMSIS/Include/cmsis_gcc.h ****  * SPDX-License-Identifier: Apache-2.0
  11:Drivers/CMSIS/Include/cmsis_gcc.h ****  *
  12:Drivers/CMSIS/Include/cmsis_gcc.h ****  * Licensed under the Apache License, Version 2.0 (the License); you may
  13:Drivers/CMSIS/Include/cmsis_gcc.h ****  * not use this file except in compliance with the License.
  14:Drivers/CMSIS/Include/cmsis_gcc.h ****  * You may obtain a copy of the License at
  15:Drivers/CMSIS/Include/cmsis_gcc.h ****  *
  16:Drivers/CMSIS/Include/cmsis_gcc.h ****  * www.apache.org/licenses/LICENSE-2.0
  17:Drivers/CMSIS/Include/cmsis_gcc.h ****  *
  18:Drivers/CMSIS/Include/cmsis_gcc.h ****  * Unless required by applicable law or agreed to in writing, software
  19:Drivers/CMSIS/Include/cmsis_gcc.h ****  * distributed under the License is distributed on an AS IS BASIS, WITHOUT
  20:Drivers/CMSIS/Include/cmsis_gcc.h ****  * WARRANTIES OR CONDITIONS OF ANY KIND, either express or implied.
  21:Drivers/CMSIS/Include/cmsis_gcc.h ****  * See the License for the specific language governing permissions and
  22:Drivers/CMSIS/Include/cmsis_gcc.h ****  * limitations under the License.
  23:Drivers/CMSIS/Include/cmsis_gcc.h ****  */
  24:Drivers/CMSIS/Include/cmsis_gcc.h **** 
  25:Drivers/CMSIS/Include/cmsis_gcc.h **** #ifndef __CMSIS_GCC_H
  26:Drivers/CMSIS/Include/cmsis_gcc.h **** #define __CMSIS_GCC_H
  27:Drivers/CMSIS/Include/cmsis_gcc.h **** 
  28:Drivers/CMSIS/Include/cmsis_gcc.h **** /* ignore some GCC warnings */
  29:Drivers/CMSIS/Include/cmsis_gcc.h **** #pragma GCC diagnostic push
  30:Drivers/CMSIS/Include/cmsis_gcc.h **** #pragma GCC diagnostic ignored "-Wsign-conversion"
  31:Drivers/CMSIS/Include/cmsis_gcc.h **** #pragma GCC diagnostic ignored "-Wconversion"
ARM GAS  /tmp/ccPGiDuk.s 			page 5


  32:Drivers/CMSIS/Include/cmsis_gcc.h **** #pragma GCC diagnostic ignored "-Wunused-parameter"
  33:Drivers/CMSIS/Include/cmsis_gcc.h **** 
  34:Drivers/CMSIS/Include/cmsis_gcc.h **** /* Fallback for __has_builtin */
  35:Drivers/CMSIS/Include/cmsis_gcc.h **** #ifndef __has_builtin
  36:Drivers/CMSIS/Include/cmsis_gcc.h ****   #define __has_builtin(x) (0)
  37:Drivers/CMSIS/Include/cmsis_gcc.h **** #endif
  38:Drivers/CMSIS/Include/cmsis_gcc.h **** 
  39:Drivers/CMSIS/Include/cmsis_gcc.h **** /* CMSIS compiler specific defines */
  40:Drivers/CMSIS/Include/cmsis_gcc.h **** #ifndef   __ASM
  41:Drivers/CMSIS/Include/cmsis_gcc.h ****   #define __ASM                                  __asm
  42:Drivers/CMSIS/Include/cmsis_gcc.h **** #endif
  43:Drivers/CMSIS/Include/cmsis_gcc.h **** #ifndef   __INLINE
  44:Drivers/CMSIS/Include/cmsis_gcc.h ****   #define __INLINE                               inline
  45:Drivers/CMSIS/Include/cmsis_gcc.h **** #endif
  46:Drivers/CMSIS/Include/cmsis_gcc.h **** #ifndef   __STATIC_INLINE
  47:Drivers/CMSIS/Include/cmsis_gcc.h ****   #define __STATIC_INLINE                        static inline
  48:Drivers/CMSIS/Include/cmsis_gcc.h **** #endif
  49:Drivers/CMSIS/Include/cmsis_gcc.h **** #ifndef   __STATIC_FORCEINLINE                 
  50:Drivers/CMSIS/Include/cmsis_gcc.h ****   #define __STATIC_FORCEINLINE                   __attribute__((always_inline)) static inline
  51:Drivers/CMSIS/Include/cmsis_gcc.h **** #endif                                           
  52:Drivers/CMSIS/Include/cmsis_gcc.h **** #ifndef   __NO_RETURN
  53:Drivers/CMSIS/Include/cmsis_gcc.h ****   #define __NO_RETURN                            __attribute__((__noreturn__))
  54:Drivers/CMSIS/Include/cmsis_gcc.h **** #endif
  55:Drivers/CMSIS/Include/cmsis_gcc.h **** #ifndef   __USED
  56:Drivers/CMSIS/Include/cmsis_gcc.h ****   #define __USED                                 __attribute__((used))
  57:Drivers/CMSIS/Include/cmsis_gcc.h **** #endif
  58:Drivers/CMSIS/Include/cmsis_gcc.h **** #ifndef   __WEAK
  59:Drivers/CMSIS/Include/cmsis_gcc.h ****   #define __WEAK                                 __attribute__((weak))
  60:Drivers/CMSIS/Include/cmsis_gcc.h **** #endif
  61:Drivers/CMSIS/Include/cmsis_gcc.h **** #ifndef   __PACKED
  62:Drivers/CMSIS/Include/cmsis_gcc.h ****   #define __PACKED                               __attribute__((packed, aligned(1)))
  63:Drivers/CMSIS/Include/cmsis_gcc.h **** #endif
  64:Drivers/CMSIS/Include/cmsis_gcc.h **** #ifndef   __PACKED_STRUCT
  65:Drivers/CMSIS/Include/cmsis_gcc.h ****   #define __PACKED_STRUCT                        struct __attribute__((packed, aligned(1)))
  66:Drivers/CMSIS/Include/cmsis_gcc.h **** #endif
  67:Drivers/CMSIS/Include/cmsis_gcc.h **** #ifndef   __PACKED_UNION
  68:Drivers/CMSIS/Include/cmsis_gcc.h ****   #define __PACKED_UNION                         union __attribute__((packed, aligned(1)))
  69:Drivers/CMSIS/Include/cmsis_gcc.h **** #endif
  70:Drivers/CMSIS/Include/cmsis_gcc.h **** #ifndef   __UNALIGNED_UINT32        /* deprecated */
  71:Drivers/CMSIS/Include/cmsis_gcc.h ****   #pragma GCC diagnostic push
  72:Drivers/CMSIS/Include/cmsis_gcc.h ****   #pragma GCC diagnostic ignored "-Wpacked"
  73:Drivers/CMSIS/Include/cmsis_gcc.h ****   #pragma GCC diagnostic ignored "-Wattributes"
  74:Drivers/CMSIS/Include/cmsis_gcc.h ****   struct __attribute__((packed)) T_UINT32 { uint32_t v; };
  75:Drivers/CMSIS/Include/cmsis_gcc.h ****   #pragma GCC diagnostic pop
  76:Drivers/CMSIS/Include/cmsis_gcc.h ****   #define __UNALIGNED_UINT32(x)                  (((struct T_UINT32 *)(x))->v)
  77:Drivers/CMSIS/Include/cmsis_gcc.h **** #endif
  78:Drivers/CMSIS/Include/cmsis_gcc.h **** #ifndef   __UNALIGNED_UINT16_WRITE
  79:Drivers/CMSIS/Include/cmsis_gcc.h ****   #pragma GCC diagnostic push
  80:Drivers/CMSIS/Include/cmsis_gcc.h ****   #pragma GCC diagnostic ignored "-Wpacked"
  81:Drivers/CMSIS/Include/cmsis_gcc.h ****   #pragma GCC diagnostic ignored "-Wattributes"
  82:Drivers/CMSIS/Include/cmsis_gcc.h ****   __PACKED_STRUCT T_UINT16_WRITE { uint16_t v; };
  83:Drivers/CMSIS/Include/cmsis_gcc.h ****   #pragma GCC diagnostic pop
  84:Drivers/CMSIS/Include/cmsis_gcc.h ****   #define __UNALIGNED_UINT16_WRITE(addr, val)    (void)((((struct T_UINT16_WRITE *)(void *)(addr))-
  85:Drivers/CMSIS/Include/cmsis_gcc.h **** #endif
  86:Drivers/CMSIS/Include/cmsis_gcc.h **** #ifndef   __UNALIGNED_UINT16_READ
  87:Drivers/CMSIS/Include/cmsis_gcc.h ****   #pragma GCC diagnostic push
  88:Drivers/CMSIS/Include/cmsis_gcc.h ****   #pragma GCC diagnostic ignored "-Wpacked"
ARM GAS  /tmp/ccPGiDuk.s 			page 6


  89:Drivers/CMSIS/Include/cmsis_gcc.h ****   #pragma GCC diagnostic ignored "-Wattributes"
  90:Drivers/CMSIS/Include/cmsis_gcc.h ****   __PACKED_STRUCT T_UINT16_READ { uint16_t v; };
  91:Drivers/CMSIS/Include/cmsis_gcc.h ****   #pragma GCC diagnostic pop
  92:Drivers/CMSIS/Include/cmsis_gcc.h ****   #define __UNALIGNED_UINT16_READ(addr)          (((const struct T_UINT16_READ *)(const void *)(add
  93:Drivers/CMSIS/Include/cmsis_gcc.h **** #endif
  94:Drivers/CMSIS/Include/cmsis_gcc.h **** #ifndef   __UNALIGNED_UINT32_WRITE
  95:Drivers/CMSIS/Include/cmsis_gcc.h ****   #pragma GCC diagnostic push
  96:Drivers/CMSIS/Include/cmsis_gcc.h ****   #pragma GCC diagnostic ignored "-Wpacked"
  97:Drivers/CMSIS/Include/cmsis_gcc.h ****   #pragma GCC diagnostic ignored "-Wattributes"
  98:Drivers/CMSIS/Include/cmsis_gcc.h ****   __PACKED_STRUCT T_UINT32_WRITE { uint32_t v; };
  99:Drivers/CMSIS/Include/cmsis_gcc.h ****   #pragma GCC diagnostic pop
 100:Drivers/CMSIS/Include/cmsis_gcc.h ****   #define __UNALIGNED_UINT32_WRITE(addr, val)    (void)((((struct T_UINT32_WRITE *)(void *)(addr))-
 101:Drivers/CMSIS/Include/cmsis_gcc.h **** #endif
 102:Drivers/CMSIS/Include/cmsis_gcc.h **** #ifndef   __UNALIGNED_UINT32_READ
 103:Drivers/CMSIS/Include/cmsis_gcc.h ****   #pragma GCC diagnostic push
 104:Drivers/CMSIS/Include/cmsis_gcc.h ****   #pragma GCC diagnostic ignored "-Wpacked"
 105:Drivers/CMSIS/Include/cmsis_gcc.h ****   #pragma GCC diagnostic ignored "-Wattributes"
 106:Drivers/CMSIS/Include/cmsis_gcc.h ****   __PACKED_STRUCT T_UINT32_READ { uint32_t v; };
 107:Drivers/CMSIS/Include/cmsis_gcc.h ****   #pragma GCC diagnostic pop
 108:Drivers/CMSIS/Include/cmsis_gcc.h ****   #define __UNALIGNED_UINT32_READ(addr)          (((const struct T_UINT32_READ *)(const void *)(add
 109:Drivers/CMSIS/Include/cmsis_gcc.h **** #endif
 110:Drivers/CMSIS/Include/cmsis_gcc.h **** #ifndef   __ALIGNED
 111:Drivers/CMSIS/Include/cmsis_gcc.h ****   #define __ALIGNED(x)                           __attribute__((aligned(x)))
 112:Drivers/CMSIS/Include/cmsis_gcc.h **** #endif
 113:Drivers/CMSIS/Include/cmsis_gcc.h **** #ifndef   __RESTRICT
 114:Drivers/CMSIS/Include/cmsis_gcc.h ****   #define __RESTRICT                             __restrict
 115:Drivers/CMSIS/Include/cmsis_gcc.h **** #endif
 116:Drivers/CMSIS/Include/cmsis_gcc.h **** 
 117:Drivers/CMSIS/Include/cmsis_gcc.h **** 
 118:Drivers/CMSIS/Include/cmsis_gcc.h **** /* ###########################  Core Function Access  ########################### */
 119:Drivers/CMSIS/Include/cmsis_gcc.h **** /** \ingroup  CMSIS_Core_FunctionInterface
 120:Drivers/CMSIS/Include/cmsis_gcc.h ****     \defgroup CMSIS_Core_RegAccFunctions CMSIS Core Register Access Functions
 121:Drivers/CMSIS/Include/cmsis_gcc.h ****   @{
 122:Drivers/CMSIS/Include/cmsis_gcc.h ****  */
 123:Drivers/CMSIS/Include/cmsis_gcc.h **** 
 124:Drivers/CMSIS/Include/cmsis_gcc.h **** /**
 125:Drivers/CMSIS/Include/cmsis_gcc.h ****   \brief   Enable IRQ Interrupts
 126:Drivers/CMSIS/Include/cmsis_gcc.h ****   \details Enables IRQ interrupts by clearing the I-bit in the CPSR.
 127:Drivers/CMSIS/Include/cmsis_gcc.h ****            Can only be executed in Privileged modes.
 128:Drivers/CMSIS/Include/cmsis_gcc.h ****  */
 129:Drivers/CMSIS/Include/cmsis_gcc.h **** __STATIC_FORCEINLINE void __enable_irq(void)
 130:Drivers/CMSIS/Include/cmsis_gcc.h **** {
 131:Drivers/CMSIS/Include/cmsis_gcc.h ****   __ASM volatile ("cpsie i" : : : "memory");
 132:Drivers/CMSIS/Include/cmsis_gcc.h **** }
 133:Drivers/CMSIS/Include/cmsis_gcc.h **** 
 134:Drivers/CMSIS/Include/cmsis_gcc.h **** 
 135:Drivers/CMSIS/Include/cmsis_gcc.h **** /**
 136:Drivers/CMSIS/Include/cmsis_gcc.h ****   \brief   Disable IRQ Interrupts
 137:Drivers/CMSIS/Include/cmsis_gcc.h ****   \details Disables IRQ interrupts by setting the I-bit in the CPSR.
 138:Drivers/CMSIS/Include/cmsis_gcc.h ****            Can only be executed in Privileged modes.
 139:Drivers/CMSIS/Include/cmsis_gcc.h ****  */
 140:Drivers/CMSIS/Include/cmsis_gcc.h **** __STATIC_FORCEINLINE void __disable_irq(void)
  39              		.loc 2 140 27 view .LVU2
  40              	.LBB5:
 141:Drivers/CMSIS/Include/cmsis_gcc.h **** {
 142:Drivers/CMSIS/Include/cmsis_gcc.h ****   __ASM volatile ("cpsid i" : : : "memory");
  41              		.loc 2 142 3 view .LVU3
ARM GAS  /tmp/ccPGiDuk.s 			page 7


  42              		.syntax unified
  43              	@ 142 "Drivers/CMSIS/Include/cmsis_gcc.h" 1
  44 0000 72B6     		cpsid i
  45              	@ 0 "" 2
  46              		.thumb
  47              		.syntax unified
  48              	.L2:
  49              	.LBE5:
  50              	.LBE4:
 161:Src/main.c    ****   while (1)
  51              		.loc 1 161 3 discriminator 1 view .LVU4
 162:Src/main.c    ****   {
 163:Src/main.c    ****   }
  52              		.loc 1 163 3 discriminator 1 view .LVU5
 161:Src/main.c    ****   while (1)
  53              		.loc 1 161 9 discriminator 1 view .LVU6
  54 0002 FEE7     		b	.L2
  55              		.cfi_endproc
  56              	.LFE132:
  58              		.section	.text.SystemClock_Config,"ax",%progbits
  59              		.align	1
  60              		.global	SystemClock_Config
  61              		.syntax unified
  62              		.thumb
  63              		.thumb_func
  64              		.fpu fpv4-sp-d16
  66              	SystemClock_Config:
  67              	.LFB131:
 109:Src/main.c    ****   RCC_OscInitTypeDef RCC_OscInitStruct = {0};
  68              		.loc 1 109 1 view -0
  69              		.cfi_startproc
  70              		@ args = 0, pretend = 0, frame = 80
  71              		@ frame_needed = 0, uses_anonymous_args = 0
  72 0000 00B5     		push	{lr}
  73              	.LCFI0:
  74              		.cfi_def_cfa_offset 4
  75              		.cfi_offset 14, -4
  76 0002 95B0     		sub	sp, sp, #84
  77              	.LCFI1:
  78              		.cfi_def_cfa_offset 88
 110:Src/main.c    ****   RCC_ClkInitTypeDef RCC_ClkInitStruct = {0};
  79              		.loc 1 110 3 view .LVU8
 110:Src/main.c    ****   RCC_ClkInitTypeDef RCC_ClkInitStruct = {0};
  80              		.loc 1 110 22 is_stmt 0 view .LVU9
  81 0004 3022     		movs	r2, #48
  82 0006 0021     		movs	r1, #0
  83 0008 08A8     		add	r0, sp, #32
  84 000a FFF7FEFF 		bl	memset
  85              	.LVL0:
 111:Src/main.c    **** 
  86              		.loc 1 111 3 is_stmt 1 view .LVU10
 111:Src/main.c    **** 
  87              		.loc 1 111 22 is_stmt 0 view .LVU11
  88 000e 0023     		movs	r3, #0
  89 0010 0393     		str	r3, [sp, #12]
  90 0012 0493     		str	r3, [sp, #16]
  91 0014 0593     		str	r3, [sp, #20]
ARM GAS  /tmp/ccPGiDuk.s 			page 8


  92 0016 0693     		str	r3, [sp, #24]
  93 0018 0793     		str	r3, [sp, #28]
 115:Src/main.c    ****   __HAL_PWR_VOLTAGESCALING_CONFIG(PWR_REGULATOR_VOLTAGE_SCALE1);
  94              		.loc 1 115 3 is_stmt 1 view .LVU12
  95              	.LBB6:
 115:Src/main.c    ****   __HAL_PWR_VOLTAGESCALING_CONFIG(PWR_REGULATOR_VOLTAGE_SCALE1);
  96              		.loc 1 115 3 view .LVU13
  97 001a 0193     		str	r3, [sp, #4]
 115:Src/main.c    ****   __HAL_PWR_VOLTAGESCALING_CONFIG(PWR_REGULATOR_VOLTAGE_SCALE1);
  98              		.loc 1 115 3 view .LVU14
  99 001c 1F4A     		ldr	r2, .L9
 100 001e 116C     		ldr	r1, [r2, #64]
 101 0020 41F08051 		orr	r1, r1, #268435456
 102 0024 1164     		str	r1, [r2, #64]
 115:Src/main.c    ****   __HAL_PWR_VOLTAGESCALING_CONFIG(PWR_REGULATOR_VOLTAGE_SCALE1);
 103              		.loc 1 115 3 view .LVU15
 104 0026 126C     		ldr	r2, [r2, #64]
 105 0028 02F08052 		and	r2, r2, #268435456
 106 002c 0192     		str	r2, [sp, #4]
 115:Src/main.c    ****   __HAL_PWR_VOLTAGESCALING_CONFIG(PWR_REGULATOR_VOLTAGE_SCALE1);
 107              		.loc 1 115 3 view .LVU16
 108 002e 019A     		ldr	r2, [sp, #4]
 109              	.LBE6:
 115:Src/main.c    ****   __HAL_PWR_VOLTAGESCALING_CONFIG(PWR_REGULATOR_VOLTAGE_SCALE1);
 110              		.loc 1 115 3 view .LVU17
 116:Src/main.c    ****   /** Initializes the RCC Oscillators according to the specified parameters
 111              		.loc 1 116 3 view .LVU18
 112              	.LBB7:
 116:Src/main.c    ****   /** Initializes the RCC Oscillators according to the specified parameters
 113              		.loc 1 116 3 view .LVU19
 114 0030 0293     		str	r3, [sp, #8]
 116:Src/main.c    ****   /** Initializes the RCC Oscillators according to the specified parameters
 115              		.loc 1 116 3 view .LVU20
 116 0032 1B4A     		ldr	r2, .L9+4
 117 0034 1168     		ldr	r1, [r2]
 118 0036 41F48041 		orr	r1, r1, #16384
 119 003a 1160     		str	r1, [r2]
 116:Src/main.c    ****   /** Initializes the RCC Oscillators according to the specified parameters
 120              		.loc 1 116 3 view .LVU21
 121 003c 1268     		ldr	r2, [r2]
 122 003e 02F48042 		and	r2, r2, #16384
 123 0042 0292     		str	r2, [sp, #8]
 116:Src/main.c    ****   /** Initializes the RCC Oscillators according to the specified parameters
 124              		.loc 1 116 3 view .LVU22
 125 0044 029A     		ldr	r2, [sp, #8]
 126              	.LBE7:
 116:Src/main.c    ****   /** Initializes the RCC Oscillators according to the specified parameters
 127              		.loc 1 116 3 view .LVU23
 120:Src/main.c    ****   RCC_OscInitStruct.HSIState = RCC_HSI_ON;
 128              		.loc 1 120 3 view .LVU24
 120:Src/main.c    ****   RCC_OscInitStruct.HSIState = RCC_HSI_ON;
 129              		.loc 1 120 36 is_stmt 0 view .LVU25
 130 0046 0222     		movs	r2, #2
 131 0048 0892     		str	r2, [sp, #32]
 121:Src/main.c    ****   RCC_OscInitStruct.HSICalibrationValue = RCC_HSICALIBRATION_DEFAULT;
 132              		.loc 1 121 3 is_stmt 1 view .LVU26
 121:Src/main.c    ****   RCC_OscInitStruct.HSICalibrationValue = RCC_HSICALIBRATION_DEFAULT;
ARM GAS  /tmp/ccPGiDuk.s 			page 9


 133              		.loc 1 121 30 is_stmt 0 view .LVU27
 134 004a 0121     		movs	r1, #1
 135 004c 0B91     		str	r1, [sp, #44]
 122:Src/main.c    ****   RCC_OscInitStruct.PLL.PLLState = RCC_PLL_ON;
 136              		.loc 1 122 3 is_stmt 1 view .LVU28
 122:Src/main.c    ****   RCC_OscInitStruct.PLL.PLLState = RCC_PLL_ON;
 137              		.loc 1 122 41 is_stmt 0 view .LVU29
 138 004e 1021     		movs	r1, #16
 139 0050 0C91     		str	r1, [sp, #48]
 123:Src/main.c    ****   RCC_OscInitStruct.PLL.PLLSource = RCC_PLLSOURCE_HSI;
 140              		.loc 1 123 3 is_stmt 1 view .LVU30
 123:Src/main.c    ****   RCC_OscInitStruct.PLL.PLLSource = RCC_PLLSOURCE_HSI;
 141              		.loc 1 123 34 is_stmt 0 view .LVU31
 142 0052 0E92     		str	r2, [sp, #56]
 124:Src/main.c    ****   RCC_OscInitStruct.PLL.PLLM = 8;
 143              		.loc 1 124 3 is_stmt 1 view .LVU32
 124:Src/main.c    ****   RCC_OscInitStruct.PLL.PLLM = 8;
 144              		.loc 1 124 35 is_stmt 0 view .LVU33
 145 0054 0F93     		str	r3, [sp, #60]
 125:Src/main.c    ****   RCC_OscInitStruct.PLL.PLLN = 168;
 146              		.loc 1 125 3 is_stmt 1 view .LVU34
 125:Src/main.c    ****   RCC_OscInitStruct.PLL.PLLN = 168;
 147              		.loc 1 125 30 is_stmt 0 view .LVU35
 148 0056 0823     		movs	r3, #8
 149 0058 1093     		str	r3, [sp, #64]
 126:Src/main.c    ****   RCC_OscInitStruct.PLL.PLLP = RCC_PLLP_DIV2;
 150              		.loc 1 126 3 is_stmt 1 view .LVU36
 126:Src/main.c    ****   RCC_OscInitStruct.PLL.PLLP = RCC_PLLP_DIV2;
 151              		.loc 1 126 30 is_stmt 0 view .LVU37
 152 005a A823     		movs	r3, #168
 153 005c 1193     		str	r3, [sp, #68]
 127:Src/main.c    ****   RCC_OscInitStruct.PLL.PLLQ = 4;
 154              		.loc 1 127 3 is_stmt 1 view .LVU38
 127:Src/main.c    ****   RCC_OscInitStruct.PLL.PLLQ = 4;
 155              		.loc 1 127 30 is_stmt 0 view .LVU39
 156 005e 1292     		str	r2, [sp, #72]
 128:Src/main.c    ****   if (HAL_RCC_OscConfig(&RCC_OscInitStruct) != HAL_OK)
 157              		.loc 1 128 3 is_stmt 1 view .LVU40
 128:Src/main.c    ****   if (HAL_RCC_OscConfig(&RCC_OscInitStruct) != HAL_OK)
 158              		.loc 1 128 30 is_stmt 0 view .LVU41
 159 0060 0423     		movs	r3, #4
 160 0062 1393     		str	r3, [sp, #76]
 129:Src/main.c    ****   {
 161              		.loc 1 129 3 is_stmt 1 view .LVU42
 129:Src/main.c    ****   {
 162              		.loc 1 129 7 is_stmt 0 view .LVU43
 163 0064 08A8     		add	r0, sp, #32
 164 0066 FFF7FEFF 		bl	HAL_RCC_OscConfig
 165              	.LVL1:
 129:Src/main.c    ****   {
 166              		.loc 1 129 6 view .LVU44
 167 006a 98B9     		cbnz	r0, .L7
 135:Src/main.c    ****                               |RCC_CLOCKTYPE_PCLK1|RCC_CLOCKTYPE_PCLK2;
 168              		.loc 1 135 3 is_stmt 1 view .LVU45
 135:Src/main.c    ****                               |RCC_CLOCKTYPE_PCLK1|RCC_CLOCKTYPE_PCLK2;
 169              		.loc 1 135 31 is_stmt 0 view .LVU46
 170 006c 0F23     		movs	r3, #15
ARM GAS  /tmp/ccPGiDuk.s 			page 10


 171 006e 0393     		str	r3, [sp, #12]
 137:Src/main.c    ****   RCC_ClkInitStruct.AHBCLKDivider = RCC_SYSCLK_DIV1;
 172              		.loc 1 137 3 is_stmt 1 view .LVU47
 137:Src/main.c    ****   RCC_ClkInitStruct.AHBCLKDivider = RCC_SYSCLK_DIV1;
 173              		.loc 1 137 34 is_stmt 0 view .LVU48
 174 0070 0223     		movs	r3, #2
 175 0072 0493     		str	r3, [sp, #16]
 138:Src/main.c    ****   RCC_ClkInitStruct.APB1CLKDivider = RCC_HCLK_DIV4;
 176              		.loc 1 138 3 is_stmt 1 view .LVU49
 138:Src/main.c    ****   RCC_ClkInitStruct.APB1CLKDivider = RCC_HCLK_DIV4;
 177              		.loc 1 138 35 is_stmt 0 view .LVU50
 178 0074 0023     		movs	r3, #0
 179 0076 0593     		str	r3, [sp, #20]
 139:Src/main.c    ****   RCC_ClkInitStruct.APB2CLKDivider = RCC_HCLK_DIV2;
 180              		.loc 1 139 3 is_stmt 1 view .LVU51
 139:Src/main.c    ****   RCC_ClkInitStruct.APB2CLKDivider = RCC_HCLK_DIV2;
 181              		.loc 1 139 36 is_stmt 0 view .LVU52
 182 0078 4FF4A053 		mov	r3, #5120
 183 007c 0693     		str	r3, [sp, #24]
 140:Src/main.c    **** 
 184              		.loc 1 140 3 is_stmt 1 view .LVU53
 140:Src/main.c    **** 
 185              		.loc 1 140 36 is_stmt 0 view .LVU54
 186 007e 4FF48053 		mov	r3, #4096
 187 0082 0793     		str	r3, [sp, #28]
 142:Src/main.c    ****   {
 188              		.loc 1 142 3 is_stmt 1 view .LVU55
 142:Src/main.c    ****   {
 189              		.loc 1 142 7 is_stmt 0 view .LVU56
 190 0084 0521     		movs	r1, #5
 191 0086 03A8     		add	r0, sp, #12
 192 0088 FFF7FEFF 		bl	HAL_RCC_ClockConfig
 193              	.LVL2:
 142:Src/main.c    ****   {
 194              		.loc 1 142 6 view .LVU57
 195 008c 20B9     		cbnz	r0, .L8
 146:Src/main.c    **** 
 196              		.loc 1 146 1 view .LVU58
 197 008e 15B0     		add	sp, sp, #84
 198              	.LCFI2:
 199              		.cfi_remember_state
 200              		.cfi_def_cfa_offset 4
 201              		@ sp needed
 202 0090 5DF804FB 		ldr	pc, [sp], #4
 203              	.L7:
 204              	.LCFI3:
 205              		.cfi_restore_state
 131:Src/main.c    ****   }
 206              		.loc 1 131 5 is_stmt 1 view .LVU59
 207 0094 FFF7FEFF 		bl	Error_Handler
 208              	.LVL3:
 209              	.L8:
 144:Src/main.c    ****   }
 210              		.loc 1 144 5 view .LVU60
 211 0098 FFF7FEFF 		bl	Error_Handler
 212              	.LVL4:
 213              	.L10:
ARM GAS  /tmp/ccPGiDuk.s 			page 11


 214              		.align	2
 215              	.L9:
 216 009c 00380240 		.word	1073887232
 217 00a0 00700040 		.word	1073770496
 218              		.cfi_endproc
 219              	.LFE131:
 221              		.section	.text.main,"ax",%progbits
 222              		.align	1
 223              		.global	main
 224              		.syntax unified
 225              		.thumb
 226              		.thumb_func
 227              		.fpu fpv4-sp-d16
 229              	main:
 230              	.LFB130:
  65:Src/main.c    ****   /* USER CODE BEGIN 1 */
 231              		.loc 1 65 1 view -0
 232              		.cfi_startproc
 233              		@ Volatile: function does not return.
 234              		@ args = 0, pretend = 0, frame = 0
 235              		@ frame_needed = 0, uses_anonymous_args = 0
 236 0000 08B5     		push	{r3, lr}
 237              	.LCFI4:
 238              		.cfi_def_cfa_offset 8
 239              		.cfi_offset 3, -8
 240              		.cfi_offset 14, -4
  73:Src/main.c    **** 
 241              		.loc 1 73 3 view .LVU62
 242 0002 FFF7FEFF 		bl	HAL_Init
 243              	.LVL5:
  80:Src/main.c    **** 
 244              		.loc 1 80 3 view .LVU63
 245 0006 FFF7FEFF 		bl	SystemClock_Config
 246              	.LVL6:
  87:Src/main.c    ****   /* USER CODE BEGIN 2 */
 247              		.loc 1 87 3 view .LVU64
 248 000a FFF7FEFF 		bl	MX_GPIO_Init
 249              	.LVL7:
 250              	.L12:
  94:Src/main.c    ****   {
 251              		.loc 1 94 3 discriminator 1 view .LVU65
  97:Src/main.c    ****     HAL_Delay(500);
 252              		.loc 1 97 5 discriminator 1 view .LVU66
 253 000e 4021     		movs	r1, #64
 254 0010 0348     		ldr	r0, .L14
 255 0012 FFF7FEFF 		bl	HAL_GPIO_TogglePin
 256              	.LVL8:
  98:Src/main.c    ****     /* USER CODE BEGIN 3 */
 257              		.loc 1 98 5 discriminator 1 view .LVU67
 258 0016 4FF4FA70 		mov	r0, #500
 259 001a FFF7FEFF 		bl	HAL_Delay
 260              	.LVL9:
  94:Src/main.c    ****   {
 261              		.loc 1 94 9 discriminator 1 view .LVU68
 262 001e F6E7     		b	.L12
 263              	.L15:
 264              		.align	2
ARM GAS  /tmp/ccPGiDuk.s 			page 12


 265              	.L14:
 266 0020 00000240 		.word	1073872896
 267              		.cfi_endproc
 268              	.LFE130:
 270              		.text
 271              	.Letext0:
 272              		.file 3 "/usr/share/gcc-arm-none-eabi-10-2020-q4-major/arm-none-eabi/include/machine/_default_type
 273              		.file 4 "/usr/share/gcc-arm-none-eabi-10-2020-q4-major/arm-none-eabi/include/sys/_stdint.h"
 274              		.file 5 "Drivers/CMSIS/Device/ST/STM32F4xx/Include/stm32f407xx.h"
 275              		.file 6 "Drivers/STM32F4xx_HAL_Driver/Inc/stm32f4xx_hal_rcc_ex.h"
 276              		.file 7 "Drivers/STM32F4xx_HAL_Driver/Inc/stm32f4xx_hal_rcc.h"
 277              		.file 8 "Drivers/STM32F4xx_HAL_Driver/Inc/stm32f4xx_hal.h"
 278              		.file 9 "Inc/gpio.h"
 279              		.file 10 "Drivers/STM32F4xx_HAL_Driver/Inc/stm32f4xx_hal_gpio.h"
 280              		.file 11 "Drivers/STM32F4xx_HAL_Driver/Inc/stm32f4xx_hal_def.h"
 281              		.file 12 "<built-in>"
ARM GAS  /tmp/ccPGiDuk.s 			page 13


DEFINED SYMBOLS
                            *ABS*:0000000000000000 main.c
     /tmp/ccPGiDuk.s:18     .text.Error_Handler:0000000000000000 $t
     /tmp/ccPGiDuk.s:26     .text.Error_Handler:0000000000000000 Error_Handler
     /tmp/ccPGiDuk.s:59     .text.SystemClock_Config:0000000000000000 $t
     /tmp/ccPGiDuk.s:66     .text.SystemClock_Config:0000000000000000 SystemClock_Config
     /tmp/ccPGiDuk.s:216    .text.SystemClock_Config:000000000000009c $d
     /tmp/ccPGiDuk.s:222    .text.main:0000000000000000 $t
     /tmp/ccPGiDuk.s:229    .text.main:0000000000000000 main
     /tmp/ccPGiDuk.s:266    .text.main:0000000000000020 $d

UNDEFINED SYMBOLS
memset
HAL_RCC_OscConfig
HAL_RCC_ClockConfig
HAL_Init
MX_GPIO_Init
HAL_GPIO_TogglePin
HAL_Delay
